[BACKEND][BOOT] 2025-12-06T01:22:30+09:00 starting backend.api.app
[BACKEND][BOOT] 2025-12-06T01:26:56+09:00 starting backend.api.app
Traceback (most recent call last):
  File "/usr/local/lib/python3.10/runpy.py", line 196, in _run_module_as_main
    return _run_code(code, main_globals, None,
  File "/usr/local/lib/python3.10/runpy.py", line 86, in _run_code
    exec(code, run_globals)
  File "/root/src/backend/api/app.py", line 263, in <module>
    def list_processes():
  File "/usr/local/lib/python3.10/site-packages/flask/sansio/scaffold.py", line 362, in decorator
    self.add_url_rule(rule, endpoint, f, **options)
  File "/usr/local/lib/python3.10/site-packages/flask/sansio/scaffold.py", line 47, in wrapper_func
    return f(self, *args, **kwargs)
  File "/usr/local/lib/python3.10/site-packages/flask/sansio/app.py", line 657, in add_url_rule
    raise AssertionError(
AssertionError: View function mapping is overwriting an existing endpoint function: list_processes
[BACKEND][BOOT] 2025-12-06T01:52:55+09:00 starting backend.api.app
[API] EC_NO_ROS=1: skipping rclpy init
ProcessManager initialized and cleanup registered.
[API] Minimal mode enabled: skipping heavy route imports
[API] Config: minimal_api=True no_ros=True debug=False
[API] Registered routes:
  - /static/<path:filename>
  - /api/healthz
  - /api/processes
  - /api/devices
  - /api/topics
  - /api/stop_process
Starting Flask-SocketIO server...

Server is shutting down. Executing kill script...
Traceback (most recent call last):
  File "/root/src/backend/api/app.py", line 242, in main
    socketio.run(app, host='0.0.0.0', port=5000, debug=debug, use_reloader=debug)
  File "/usr/local/lib/python3.10/site-packages/flask_socketio/__init__.py", line 650, in run
    raise RuntimeError('The Werkzeug web server is not '
RuntimeError: The Werkzeug web server is not designed to run in production. Pass allow_unsafe_werkzeug=True to the run() method to disable this error.

During handling of the above exception, another exception occurred:

Traceback (most recent call last):
  File "/usr/local/lib/python3.10/runpy.py", line 196, in _run_module_as_main
    return _run_code(code, main_globals, None,
  File "/usr/local/lib/python3.10/runpy.py", line 86, in _run_code
    exec(code, run_globals)
  File "/root/src/backend/api/noros_launcher.py", line 37, in <module>
    main()
  File "/root/src/backend/api/noros_launcher.py", line 33, in main
    real_app.main()
  File "/root/src/backend/api/app.py", line 247, in main
    result = subprocess.run(
  File "/usr/local/lib/python3.10/subprocess.py", line 526, in run
    raise CalledProcessError(retcode, process.args,
subprocess.CalledProcessError: Command '['/bin/bash', '/root/src/kill.sh']' returned non-zero exit status 127.
--- stop_all_processes called ---
Current processes: {}
No processes to stop.
[BACKEND][BOOT] 2025-12-06T01:56:18+09:00 starting backend.api.app
[API] EC_NO_ROS=1: skipping rclpy init
ProcessManager initialized and cleanup registered.
[API] Minimal mode enabled: skipping heavy route imports
[API] Config: minimal_api=True no_ros=True debug=True
[API] Registered routes:
  - /static/<path:filename>
  - /api/healthz
  - /api/processes
  - /api/devices
  - /api/topics
  - /api/stop_process
Starting Flask-SocketIO server...

Server is shutting down. Executing kill script...
[BACKEND][BOOT] 2025-12-06T02:03:23+09:00 starting backend.api.app
ProcessManager initialized and cleanup registered.
Werkzeug appears to be used in a production deployment. Consider switching to a production web server instead.
 * Serving Flask app 'backend.api.app'
 * Debug mode: on
[31m[1mWARNING: This is a development server. Do not use it in a production deployment. Use a production WSGI server instead.[0m
 * Running on all addresses (0.0.0.0)
 * Running on http://127.0.0.1:5000
 * Running on http://172.30.1.95:5000
[33mPress CTRL+C to quit[0m
 * Restarting with stat
ProcessManager initialized and cleanup registered.
Werkzeug appears to be used in a production deployment. Consider switching to a production web server instead.
 * Debugger is active!
 * Debugger PIN: 700-055-932
127.0.0.1 - - [06/Dec/2025 02:03:24] "GET /api/healthz HTTP/1.1" 200 -
 * Detected change in '/root/src/backend/api/app.py', reloading
--- stop_all_processes called ---
Current processes: {}
No processes to stop.
 * Restarting with stat
ProcessManager initialized and cleanup registered.
Werkzeug appears to be used in a production deployment. Consider switching to a production web server instead.
 * Debugger is active!
 * Debugger PIN: 700-055-932
[BACKEND][BOOT] 2025-12-06T02:48:05+09:00 starting backend.api.app
ProcessManager initialized and cleanup registered.
/usr/local/lib/python3.10/dist-packages/torchvision/io/image.py:13: UserWarning: Failed to load image Python extension: '/usr/local/lib/python3.10/dist-packages/torchvision/image.so: undefined symbol: _ZN3c1017RegisterOperatorsD1Ev'If you don't plan on using image functionality from `torchvision.io`, you can ignore this warning. Otherwise, there might be something wrong with your environment. Did you have `libjpeg` or `libpng` installed before building `torchvision` from source?
  warn(
/usr/local/lib/python3.10/dist-packages/torchvision/datapoints/__init__.py:12: UserWarning: The torchvision.datapoints and torchvision.transforms.v2 namespaces are still Beta. While we do not expect major breaking changes, some APIs may still change according to user feedback. Please submit any feedback you may have in this issue: https://github.com/pytorch/vision/issues/6753, and you can also check out https://github.com/pytorch/vision/issues/7319 to learn more about the APIs that we suspect might involve future changes. You can silence this warning by calling torchvision.disable_beta_transforms_warning().
  warnings.warn(_BETA_TRANSFORMS_WARNING)
/usr/local/lib/python3.10/dist-packages/torchvision/transforms/v2/__init__.py:54: UserWarning: The torchvision.datapoints and torchvision.transforms.v2 namespaces are still Beta. While we do not expect major breaking changes, some APIs may still change according to user feedback. Please submit any feedback you may have in this issue: https://github.com/pytorch/vision/issues/6753, and you can also check out https://github.com/pytorch/vision/issues/7319 to learn more about the APIs that we suspect might involve future changes. You can silence this warning by calling torchvision.disable_beta_transforms_warning().
  warnings.warn(_BETA_TRANSFORMS_WARNING)
[API] Config: minimal_api=False no_ros=False debug=False
[API] Registered routes:
  - /static/<path:filename>
  - /api/healthz
  - /api/processes
  - /api/devices
  - /api/topics
  - /api/stop_process
  - /api/sensors
  - /api/sensor:start
  - /api/sensor:stop
  - /api/sensor
  - /api/sensor/<id>
  - /api/sensor/<id>
  - /api/robots
  - /api/robot/<id>
  - /api/robot:start
  - /api/robot:stop
  - /api/robot
  - /api/robot/<id>
  - /api/robot/<id>
  - /api/robot/<id>/:move_to
  - /api/leader_robot:start
  - /api/leader_robot:stop
  - /api/leader_robot
  - /api/leader_robot:tele_start
  - /api/leader_robot:tele_stop
  - /api/tasks
  - /api/tasks/<id>
  - /api/checkpoint
  - /api/task:start_training
  - /api/task:stop_training
  - /api/task:cancel_training
  - /api/task
  - /api/task/<id>
  - /api/task/<id>/device_settings
  - /api/task/<id>
  - /api/datasets
  - /api/datasets/<id>
  - /api/datasets/<id>/:get_one
  - /api/dataset
  - /api/dataset/<id>
  - /api/dataset/<id>
  - /api/dataset/<id>/<file_name>
  - /api/dataset/<id>/<file_name>/:start_read_hdf5
  - /api/dataset/<id>/<file_name>/:stop_read_hdf5
  - /api/dataset/<id>/<file_name>/:read_hdf5_add_config
  - /api/dataset/<id>/:start_collection
  - /api/dataset/<id>/:stop_collection
  - /api/dataset/<id>/augment
  - /api/policies
  - /api/policy
  - /api/policy/<id>
  - /api/policy/<id>
  - /api/checkpoints
  - /api/checkpoints/<folder_name>
  - /api/checkpoint
  - /api/checkpoint/<id>/:check_create_successed
  - /api/checkpoint/<id>/:start_test
  - /api/checkpoint/<id>/:stop_test
  - /api/checkpoint/<id>
  - /api/checkpoint/<id>
  - /api/vla:test_vla
'streaming' Process started. PID: 136 / Command: python3 -m backend.api.streaming
'rosbridge_websocket' Process started. PID: 137 / Command: ros2 launch rosbridge_server rosbridge_websocket_launch.xml port:=9090
Starting Flask-SocketIO server...
Exception in thread Thread-1 (spin):
Traceback (most recent call last):
  File "/usr/lib/python3.10/threading.py", line 1016, in _bootstrap_inner
    self.run()
  File "/usr/lib/python3.10/threading.py", line 953, in run
    self._target(*self._args, **self._kwargs)
  File "/opt/ros/humble/local/lib/python3.10/dist-packages/rclpy/__init__.py", line 229, in spin
    executor.spin_once()
  File "/opt/ros/humble/local/lib/python3.10/dist-packages/rclpy/executors.py", line 773, in spin_once
    self._spin_once_impl(timeout_sec)
  File "/opt/ros/humble/local/lib/python3.10/dist-packages/rclpy/executors.py", line 762, in _spin_once_impl
    handler, entity, node = self.wait_for_ready_callbacks(timeout_sec=timeout_sec)
  File "/opt/ros/humble/local/lib/python3.10/dist-packages/rclpy/executors.py", line 745, in wait_for_ready_callbacks
    return next(self._cb_iter)
  File "/opt/ros/humble/local/lib/python3.10/dist-packages/rclpy/executors.py", line 646, in _wait_for_ready_callbacks
    raise ExternalShutdownException()
rclpy.executors.ExternalShutdownException
[BACKEND][BOOT] 2025-12-06T02:59:40+09:00 starting backend.api.app
ProcessManager initialized and cleanup registered.
/usr/local/lib/python3.10/dist-packages/torchvision/io/image.py:13: UserWarning: Failed to load image Python extension: '/usr/local/lib/python3.10/dist-packages/torchvision/image.so: undefined symbol: _ZN3c1017RegisterOperatorsD1Ev'If you don't plan on using image functionality from `torchvision.io`, you can ignore this warning. Otherwise, there might be something wrong with your environment. Did you have `libjpeg` or `libpng` installed before building `torchvision` from source?
  warn(
/usr/local/lib/python3.10/dist-packages/torchvision/datapoints/__init__.py:12: UserWarning: The torchvision.datapoints and torchvision.transforms.v2 namespaces are still Beta. While we do not expect major breaking changes, some APIs may still change according to user feedback. Please submit any feedback you may have in this issue: https://github.com/pytorch/vision/issues/6753, and you can also check out https://github.com/pytorch/vision/issues/7319 to learn more about the APIs that we suspect might involve future changes. You can silence this warning by calling torchvision.disable_beta_transforms_warning().
  warnings.warn(_BETA_TRANSFORMS_WARNING)
/usr/local/lib/python3.10/dist-packages/torchvision/transforms/v2/__init__.py:54: UserWarning: The torchvision.datapoints and torchvision.transforms.v2 namespaces are still Beta. While we do not expect major breaking changes, some APIs may still change according to user feedback. Please submit any feedback you may have in this issue: https://github.com/pytorch/vision/issues/6753, and you can also check out https://github.com/pytorch/vision/issues/7319 to learn more about the APIs that we suspect might involve future changes. You can silence this warning by calling torchvision.disable_beta_transforms_warning().
  warnings.warn(_BETA_TRANSFORMS_WARNING)
[API] Config: minimal_api=False no_ros=False debug=False
[API] Registered routes:
  - /static/<path:filename>
  - /api/healthz
  - /api/processes
  - /api/devices
  - /api/topics
  - /api/stop_process
  - /api/sensors
  - /api/sensor:start
  - /api/sensor:stop
  - /api/sensor
  - /api/sensor/<id>
  - /api/sensor/<id>
  - /api/robots
  - /api/robot/<id>
  - /api/robot:start
  - /api/robot:stop
  - /api/robot
  - /api/robot/<id>
  - /api/robot/<id>
  - /api/robot/<id>/:move_to
  - /api/leader_robot:start
  - /api/leader_robot:stop
  - /api/leader_robot
  - /api/leader_robot:tele_start
  - /api/leader_robot:tele_stop
  - /api/tasks
  - /api/tasks/<id>
  - /api/checkpoint
  - /api/task:start_training
  - /api/task:stop_training
  - /api/task:cancel_training
  - /api/task
  - /api/task/<id>
  - /api/task/<id>/device_settings
  - /api/task/<id>
  - /api/datasets
  - /api/datasets/<id>
  - /api/datasets/<id>/:get_one
  - /api/dataset
  - /api/dataset/<id>
  - /api/dataset/<id>
  - /api/dataset/<id>/<file_name>
  - /api/dataset/<id>/<file_name>/:start_read_hdf5
  - /api/dataset/<id>/<file_name>/:stop_read_hdf5
  - /api/dataset/<id>/<file_name>/:read_hdf5_add_config
  - /api/dataset/<id>/:start_collection
  - /api/dataset/<id>/:stop_collection
  - /api/dataset/<id>/augment
  - /api/policies
  - /api/policy
  - /api/policy/<id>
  - /api/policy/<id>
  - /api/checkpoints
  - /api/checkpoints/<folder_name>
  - /api/checkpoint
  - /api/checkpoint/<id>/:check_create_successed
  - /api/checkpoint/<id>/:start_test
  - /api/checkpoint/<id>/:stop_test
  - /api/checkpoint/<id>
  - /api/checkpoint/<id>
  - /api/vla:test_vla
'streaming' Process started. PID: 124 / Command: python3 -m backend.api.streaming
'rosbridge_websocket' Process started. PID: 125 / Command: ros2 launch rosbridge_server rosbridge_websocket_launch.xml port:=9090
Starting Flask-SocketIO server...
Exception in thread Thread-1 (spin):
Traceback (most recent call last):
  File "/usr/lib/python3.10/threading.py", line 1016, in _bootstrap_inner
    self.run()
  File "/usr/lib/python3.10/threading.py", line 953, in run
    self._target(*self._args, **self._kwargs)
  File "/opt/ros/humble/local/lib/python3.10/dist-packages/rclpy/__init__.py", line 229, in spin
    executor.spin_once()
  File "/opt/ros/humble/local/lib/python3.10/dist-packages/rclpy/executors.py", line 773, in spin_once
    self._spin_once_impl(timeout_sec)
  File "/opt/ros/humble/local/lib/python3.10/dist-packages/rclpy/executors.py", line 762, in _spin_once_impl
    handler, entity, node = self.wait_for_ready_callbacks(timeout_sec=timeout_sec)
  File "/opt/ros/humble/local/lib/python3.10/dist-packages/rclpy/executors.py", line 745, in wait_for_ready_callbacks
    return next(self._cb_iter)
  File "/opt/ros/humble/local/lib/python3.10/dist-packages/rclpy/executors.py", line 646, in _wait_for_ready_callbacks
    raise ExternalShutdownException()
rclpy.executors.ExternalShutdownException
[BACKEND][BOOT] 2025-12-06T03:01:41+09:00 starting backend.api.app
ProcessManager initialized and cleanup registered.
/usr/local/lib/python3.10/dist-packages/torchvision/io/image.py:13: UserWarning: Failed to load image Python extension: '/usr/local/lib/python3.10/dist-packages/torchvision/image.so: undefined symbol: _ZN3c1017RegisterOperatorsD1Ev'If you don't plan on using image functionality from `torchvision.io`, you can ignore this warning. Otherwise, there might be something wrong with your environment. Did you have `libjpeg` or `libpng` installed before building `torchvision` from source?
  warn(
/usr/local/lib/python3.10/dist-packages/torchvision/datapoints/__init__.py:12: UserWarning: The torchvision.datapoints and torchvision.transforms.v2 namespaces are still Beta. While we do not expect major breaking changes, some APIs may still change according to user feedback. Please submit any feedback you may have in this issue: https://github.com/pytorch/vision/issues/6753, and you can also check out https://github.com/pytorch/vision/issues/7319 to learn more about the APIs that we suspect might involve future changes. You can silence this warning by calling torchvision.disable_beta_transforms_warning().
  warnings.warn(_BETA_TRANSFORMS_WARNING)
/usr/local/lib/python3.10/dist-packages/torchvision/transforms/v2/__init__.py:54: UserWarning: The torchvision.datapoints and torchvision.transforms.v2 namespaces are still Beta. While we do not expect major breaking changes, some APIs may still change according to user feedback. Please submit any feedback you may have in this issue: https://github.com/pytorch/vision/issues/6753, and you can also check out https://github.com/pytorch/vision/issues/7319 to learn more about the APIs that we suspect might involve future changes. You can silence this warning by calling torchvision.disable_beta_transforms_warning().
  warnings.warn(_BETA_TRANSFORMS_WARNING)
[API] Config: minimal_api=False no_ros=False debug=False
[API] Registered routes:
  - /static/<path:filename>
  - /api/healthz
  - /api/processes
  - /api/devices
  - /api/topics
  - /api/stop_process
  - /api/sensors
  - /api/sensor:start
  - /api/sensor:stop
  - /api/sensor
  - /api/sensor/<id>
  - /api/sensor/<id>
  - /api/robots
  - /api/robot/<id>
  - /api/robot:start
  - /api/robot:stop
  - /api/robot
  - /api/robot/<id>
  - /api/robot/<id>
  - /api/robot/<id>/:move_to
  - /api/leader_robot:start
  - /api/leader_robot:stop
  - /api/leader_robot
  - /api/leader_robot:tele_start
  - /api/leader_robot:tele_stop
  - /api/tasks
  - /api/tasks/<id>
  - /api/checkpoint
  - /api/task:start_training
  - /api/task:stop_training
  - /api/task:cancel_training
  - /api/task
  - /api/task/<id>
  - /api/task/<id>/device_settings
  - /api/task/<id>
  - /api/datasets
  - /api/datasets/<id>
  - /api/datasets/<id>/:get_one
  - /api/dataset
  - /api/dataset/<id>
  - /api/dataset/<id>
  - /api/dataset/<id>/<file_name>
  - /api/dataset/<id>/<file_name>/:start_read_hdf5
  - /api/dataset/<id>/<file_name>/:stop_read_hdf5
  - /api/dataset/<id>/<file_name>/:read_hdf5_add_config
  - /api/dataset/<id>/:start_collection
  - /api/dataset/<id>/:stop_collection
  - /api/dataset/<id>/augment
  - /api/policies
  - /api/policy
  - /api/policy/<id>
  - /api/policy/<id>
  - /api/checkpoints
  - /api/checkpoints/<folder_name>
  - /api/checkpoint
  - /api/checkpoint/<id>/:check_create_successed
  - /api/checkpoint/<id>/:start_test
  - /api/checkpoint/<id>/:stop_test
  - /api/checkpoint/<id>
  - /api/checkpoint/<id>
  - /api/vla:test_vla
'streaming' Process started. PID: 124 / Command: python3 -m backend.api.streaming
'rosbridge_websocket' Process started. PID: 125 / Command: ros2 launch rosbridge_server rosbridge_websocket_launch.xml port:=9090
Starting Flask-SocketIO server...
Exception in thread Thread-1 (spin):
Traceback (most recent call last):
  File "/usr/lib/python3.10/threading.py", line 1016, in _bootstrap_inner
    self.run()
  File "/usr/lib/python3.10/threading.py", line 953, in run
    self._target(*self._args, **self._kwargs)
  File "/opt/ros/humble/local/lib/python3.10/dist-packages/rclpy/__init__.py", line 229, in spin
    executor.spin_once()
  File "/opt/ros/humble/local/lib/python3.10/dist-packages/rclpy/executors.py", line 773, in spin_once
    self._spin_once_impl(timeout_sec)
  File "/opt/ros/humble/local/lib/python3.10/dist-packages/rclpy/executors.py", line 762, in _spin_once_impl
    handler, entity, node = self.wait_for_ready_callbacks(timeout_sec=timeout_sec)
  File "/opt/ros/humble/local/lib/python3.10/dist-packages/rclpy/executors.py", line 745, in wait_for_ready_callbacks
    return next(self._cb_iter)
  File "/opt/ros/humble/local/lib/python3.10/dist-packages/rclpy/executors.py", line 646, in _wait_for_ready_callbacks
    raise ExternalShutdownException()
rclpy.executors.ExternalShutdownException
[BACKEND][BOOT] 2025-12-06T03:02:49+09:00 starting backend.api.app
/root/src/backend/api/app.py:2: DeprecationWarning: 
Eventlet is deprecated. It is currently being maintained in bugfix mode, and
we strongly recommend against using it for new projects.

If you are already using Eventlet, we recommend migrating to a different
framework.  For more detail see
https://eventlet.readthedocs.io/en/latest/asyncio/migration.html

  import eventlet
ProcessManager initialized and cleanup registered.
/usr/local/lib/python3.10/dist-packages/torchvision/io/image.py:13: UserWarning: Failed to load image Python extension: '/usr/local/lib/python3.10/dist-packages/torchvision/image.so: undefined symbol: _ZN3c1017RegisterOperatorsD1Ev'If you don't plan on using image functionality from `torchvision.io`, you can ignore this warning. Otherwise, there might be something wrong with your environment. Did you have `libjpeg` or `libpng` installed before building `torchvision` from source?
  warn(
/usr/local/lib/python3.10/dist-packages/torchvision/datapoints/__init__.py:12: UserWarning: The torchvision.datapoints and torchvision.transforms.v2 namespaces are still Beta. While we do not expect major breaking changes, some APIs may still change according to user feedback. Please submit any feedback you may have in this issue: https://github.com/pytorch/vision/issues/6753, and you can also check out https://github.com/pytorch/vision/issues/7319 to learn more about the APIs that we suspect might involve future changes. You can silence this warning by calling torchvision.disable_beta_transforms_warning().
  warnings.warn(_BETA_TRANSFORMS_WARNING)
/usr/local/lib/python3.10/dist-packages/torchvision/transforms/v2/__init__.py:54: UserWarning: The torchvision.datapoints and torchvision.transforms.v2 namespaces are still Beta. While we do not expect major breaking changes, some APIs may still change according to user feedback. Please submit any feedback you may have in this issue: https://github.com/pytorch/vision/issues/6753, and you can also check out https://github.com/pytorch/vision/issues/7319 to learn more about the APIs that we suspect might involve future changes. You can silence this warning by calling torchvision.disable_beta_transforms_warning().
  warnings.warn(_BETA_TRANSFORMS_WARNING)
[API] Config: minimal_api=False no_ros=False debug=False
[API] Registered routes:
  - /static/<path:filename>
  - /api/healthz
  - /api/processes
  - /api/devices
  - /api/topics
  - /api/stop_process
  - /api/sensors
  - /api/sensor:start
  - /api/sensor:stop
  - /api/sensor
  - /api/sensor/<id>
  - /api/sensor/<id>
  - /api/robots
  - /api/robot/<id>
  - /api/robot:start
  - /api/robot:stop
  - /api/robot
  - /api/robot/<id>
  - /api/robot/<id>
  - /api/robot/<id>/:move_to
  - /api/leader_robot:start
  - /api/leader_robot:stop
  - /api/leader_robot
  - /api/leader_robot:tele_start
  - /api/leader_robot:tele_stop
  - /api/tasks
  - /api/tasks/<id>
  - /api/checkpoint
  - /api/task:start_training
  - /api/task:stop_training
  - /api/task:cancel_training
  - /api/task
  - /api/task/<id>
  - /api/task/<id>/device_settings
  - /api/task/<id>
  - /api/datasets
  - /api/datasets/<id>
  - /api/datasets/<id>/:get_one
  - /api/dataset
  - /api/dataset/<id>
  - /api/dataset/<id>
  - /api/dataset/<id>/<file_name>
  - /api/dataset/<id>/<file_name>/:start_read_hdf5
  - /api/dataset/<id>/<file_name>/:stop_read_hdf5
  - /api/dataset/<id>/<file_name>/:read_hdf5_add_config
  - /api/dataset/<id>/:start_collection
  - /api/dataset/<id>/:stop_collection
  - /api/dataset/<id>/augment
  - /api/policies
  - /api/policy
  - /api/policy/<id>
  - /api/policy/<id>
  - /api/checkpoints
  - /api/checkpoints/<folder_name>
  - /api/checkpoint
  - /api/checkpoint/<id>/:check_create_successed
  - /api/checkpoint/<id>/:start_test
  - /api/checkpoint/<id>/:stop_test
  - /api/checkpoint/<id>
  - /api/checkpoint/<id>
  - /api/vla:test_vla
'streaming' Process started. PID: 120 / Command: python3 -m backend.api.streaming
'rosbridge_websocket' Process started. PID: 121 / Command: ros2 launch rosbridge_server rosbridge_websocket_launch.xml port:=9090
Starting Flask-SocketIO server...
Exception in thread Thread-1 (spin):
Traceback (most recent call last):
  File "/usr/lib/python3.10/threading.py", line 1016, in _bootstrap_inner
    self.run()
  File "/usr/lib/python3.10/threading.py", line 953, in run
    self._target(*self._args, **self._kwargs)
  File "/opt/ros/humble/local/lib/python3.10/dist-packages/rclpy/__init__.py", line 229, in spin
    executor.spin_once()
  File "/opt/ros/humble/local/lib/python3.10/dist-packages/rclpy/executors.py", line 773, in spin_once
    self._spin_once_impl(timeout_sec)
  File "/opt/ros/humble/local/lib/python3.10/dist-packages/rclpy/executors.py", line 762, in _spin_once_impl
    handler, entity, node = self.wait_for_ready_callbacks(timeout_sec=timeout_sec)
  File "/opt/ros/humble/local/lib/python3.10/dist-packages/rclpy/executors.py", line 745, in wait_for_ready_callbacks
    return next(self._cb_iter)
  File "/opt/ros/humble/local/lib/python3.10/dist-packages/rclpy/executors.py", line 646, in _wait_for_ready_callbacks
    raise ExternalShutdownException()
rclpy.executors.ExternalShutdownException
[BACKEND][BOOT] 2025-12-06T03:03:22+09:00 starting backend.api.app
/root/src/backend/api/app.py:2: DeprecationWarning: 
Eventlet is deprecated. It is currently being maintained in bugfix mode, and
we strongly recommend against using it for new projects.

If you are already using Eventlet, we recommend migrating to a different
framework.  For more detail see
https://eventlet.readthedocs.io/en/latest/asyncio/migration.html

  import eventlet
ProcessManager initialized and cleanup registered.
/usr/local/lib/python3.10/dist-packages/torchvision/io/image.py:13: UserWarning: Failed to load image Python extension: '/usr/local/lib/python3.10/dist-packages/torchvision/image.so: undefined symbol: _ZN3c1017RegisterOperatorsD1Ev'If you don't plan on using image functionality from `torchvision.io`, you can ignore this warning. Otherwise, there might be something wrong with your environment. Did you have `libjpeg` or `libpng` installed before building `torchvision` from source?
  warn(
/usr/local/lib/python3.10/dist-packages/torchvision/datapoints/__init__.py:12: UserWarning: The torchvision.datapoints and torchvision.transforms.v2 namespaces are still Beta. While we do not expect major breaking changes, some APIs may still change according to user feedback. Please submit any feedback you may have in this issue: https://github.com/pytorch/vision/issues/6753, and you can also check out https://github.com/pytorch/vision/issues/7319 to learn more about the APIs that we suspect might involve future changes. You can silence this warning by calling torchvision.disable_beta_transforms_warning().
  warnings.warn(_BETA_TRANSFORMS_WARNING)
/usr/local/lib/python3.10/dist-packages/torchvision/transforms/v2/__init__.py:54: UserWarning: The torchvision.datapoints and torchvision.transforms.v2 namespaces are still Beta. While we do not expect major breaking changes, some APIs may still change according to user feedback. Please submit any feedback you may have in this issue: https://github.com/pytorch/vision/issues/6753, and you can also check out https://github.com/pytorch/vision/issues/7319 to learn more about the APIs that we suspect might involve future changes. You can silence this warning by calling torchvision.disable_beta_transforms_warning().
  warnings.warn(_BETA_TRANSFORMS_WARNING)
[API] Config: minimal_api=False no_ros=False debug=False
[API] Registered routes:
  - /static/<path:filename>
  - /api/healthz
  - /api/processes
  - /api/devices
  - /api/topics
  - /api/stop_process
  - /api/sensors
  - /api/sensor:start
  - /api/sensor:stop
  - /api/sensor
  - /api/sensor/<id>
  - /api/sensor/<id>
  - /api/robots
  - /api/robot/<id>
  - /api/robot:start
  - /api/robot:stop
  - /api/robot
  - /api/robot/<id>
  - /api/robot/<id>
  - /api/robot/<id>/:move_to
  - /api/leader_robot:start
  - /api/leader_robot:stop
  - /api/leader_robot
  - /api/leader_robot:tele_start
  - /api/leader_robot:tele_stop
  - /api/tasks
  - /api/tasks/<id>
  - /api/checkpoint
  - /api/task:start_training
  - /api/task:stop_training
  - /api/task:cancel_training
  - /api/task
  - /api/task/<id>
  - /api/task/<id>/device_settings
  - /api/task/<id>
  - /api/datasets
  - /api/datasets/<id>
  - /api/datasets/<id>/:get_one
  - /api/dataset
  - /api/dataset/<id>
  - /api/dataset/<id>
  - /api/dataset/<id>/<file_name>
  - /api/dataset/<id>/<file_name>/:start_read_hdf5
  - /api/dataset/<id>/<file_name>/:stop_read_hdf5
  - /api/dataset/<id>/<file_name>/:read_hdf5_add_config
  - /api/dataset/<id>/:start_collection
  - /api/dataset/<id>/:stop_collection
  - /api/dataset/<id>/augment
  - /api/policies
  - /api/policy
  - /api/policy/<id>
  - /api/policy/<id>
  - /api/checkpoints
  - /api/checkpoints/<folder_name>
  - /api/checkpoint
  - /api/checkpoint/<id>/:check_create_successed
  - /api/checkpoint/<id>/:start_test
  - /api/checkpoint/<id>/:stop_test
  - /api/checkpoint/<id>
  - /api/checkpoint/<id>
  - /api/vla:test_vla
'streaming' Process started. PID: 136 / Command: python3 -m backend.api.streaming
'rosbridge_websocket' Process started. PID: 137 / Command: ros2 launch rosbridge_server rosbridge_websocket_launch.xml port:=9090
Starting Flask-SocketIO server...
Exception in thread Thread-1 (spin):
Traceback (most recent call last):
  File "/usr/lib/python3.10/threading.py", line 1016, in _bootstrap_inner
    self.run()
  File "/usr/lib/python3.10/threading.py", line 953, in run
    self._target(*self._args, **self._kwargs)
  File "/opt/ros/humble/local/lib/python3.10/dist-packages/rclpy/__init__.py", line 229, in spin
    executor.spin_once()
  File "/opt/ros/humble/local/lib/python3.10/dist-packages/rclpy/executors.py", line 773, in spin_once
    self._spin_once_impl(timeout_sec)
  File "/opt/ros/humble/local/lib/python3.10/dist-packages/rclpy/executors.py", line 762, in _spin_once_impl
    handler, entity, node = self.wait_for_ready_callbacks(timeout_sec=timeout_sec)
  File "/opt/ros/humble/local/lib/python3.10/dist-packages/rclpy/executors.py", line 745, in wait_for_ready_callbacks
    return next(self._cb_iter)
  File "/opt/ros/humble/local/lib/python3.10/dist-packages/rclpy/executors.py", line 646, in _wait_for_ready_callbacks
    raise ExternalShutdownException()
rclpy.executors.ExternalShutdownException
[BACKEND][BOOT] 2025-12-06T03:22:16+09:00 starting backend.api.app
/root/src/backend/api/app.py:2: DeprecationWarning: 
Eventlet is deprecated. It is currently being maintained in bugfix mode, and
we strongly recommend against using it for new projects.

If you are already using Eventlet, we recommend migrating to a different
framework.  For more detail see
https://eventlet.readthedocs.io/en/latest/asyncio/migration.html

  import eventlet
ProcessManager initialized and cleanup registered.
/usr/local/lib/python3.10/dist-packages/torchvision/io/image.py:13: UserWarning: Failed to load image Python extension: '/usr/local/lib/python3.10/dist-packages/torchvision/image.so: undefined symbol: _ZN3c1017RegisterOperatorsD1Ev'If you don't plan on using image functionality from `torchvision.io`, you can ignore this warning. Otherwise, there might be something wrong with your environment. Did you have `libjpeg` or `libpng` installed before building `torchvision` from source?
  warn(
/usr/local/lib/python3.10/dist-packages/torchvision/datapoints/__init__.py:12: UserWarning: The torchvision.datapoints and torchvision.transforms.v2 namespaces are still Beta. While we do not expect major breaking changes, some APIs may still change according to user feedback. Please submit any feedback you may have in this issue: https://github.com/pytorch/vision/issues/6753, and you can also check out https://github.com/pytorch/vision/issues/7319 to learn more about the APIs that we suspect might involve future changes. You can silence this warning by calling torchvision.disable_beta_transforms_warning().
  warnings.warn(_BETA_TRANSFORMS_WARNING)
/usr/local/lib/python3.10/dist-packages/torchvision/transforms/v2/__init__.py:54: UserWarning: The torchvision.datapoints and torchvision.transforms.v2 namespaces are still Beta. While we do not expect major breaking changes, some APIs may still change according to user feedback. Please submit any feedback you may have in this issue: https://github.com/pytorch/vision/issues/6753, and you can also check out https://github.com/pytorch/vision/issues/7319 to learn more about the APIs that we suspect might involve future changes. You can silence this warning by calling torchvision.disable_beta_transforms_warning().
  warnings.warn(_BETA_TRANSFORMS_WARNING)
[API] Config: minimal_api=False no_ros=False debug=False
[API] Registered routes:
  - /static/<path:filename>
  - /api/healthz
  - /api/processes
  - /api/devices
  - /api/topics
  - /api/stop_process
  - /api/sensors
  - /api/sensor:start
  - /api/sensor:stop
  - /api/sensor
  - /api/sensor/<id>
  - /api/sensor/<id>
  - /api/robots
  - /api/robot/<id>
  - /api/robot:start
  - /api/robot:stop
  - /api/robot
  - /api/robot/<id>
  - /api/robot/<id>
  - /api/robot/<id>/:move_to
  - /api/leader_robot:start
  - /api/leader_robot:stop
  - /api/leader_robot
  - /api/leader_robot:tele_start
  - /api/leader_robot:tele_stop
  - /api/tasks
  - /api/tasks/<id>
  - /api/checkpoint
  - /api/task:start_training
  - /api/task:stop_training
  - /api/task:cancel_training
  - /api/task
  - /api/task/<id>
  - /api/task/<id>/device_settings
  - /api/task/<id>
  - /api/datasets
  - /api/datasets/<id>
  - /api/datasets/<id>/:get_one
  - /api/dataset
  - /api/dataset/<id>
  - /api/dataset/<id>
  - /api/dataset/<id>/<file_name>
  - /api/dataset/<id>/<file_name>/:start_read_hdf5
  - /api/dataset/<id>/<file_name>/:stop_read_hdf5
  - /api/dataset/<id>/<file_name>/:read_hdf5_add_config
  - /api/dataset/<id>/:start_collection
  - /api/dataset/<id>/:stop_collection
  - /api/dataset/<id>/augment
  - /api/policies
  - /api/policy
  - /api/policy/<id>
  - /api/policy/<id>
  - /api/checkpoints
  - /api/checkpoints/<folder_name>
  - /api/checkpoint
  - /api/checkpoint/<id>/:check_create_successed
  - /api/checkpoint/<id>/:start_test
  - /api/checkpoint/<id>/:stop_test
  - /api/checkpoint/<id>
  - /api/checkpoint/<id>
  - /api/vla:test_vla
'streaming' Process started. PID: 121 / Command: python3 -m backend.api.streaming
'rosbridge_websocket' Process started. PID: 122 / Command: ros2 launch rosbridge_server rosbridge_websocket_launch.xml port:=9090
Starting Flask-SocketIO server...
Client connected!
Exception in thread Thread-1 (spin):
Traceback (most recent call last):
  File "/usr/lib/python3.10/threading.py", line 1016, in _bootstrap_inner
    self.run()
  File "/usr/lib/python3.10/threading.py", line 953, in run
    self._target(*self._args, **self._kwargs)
  File "/opt/ros/humble/local/lib/python3.10/dist-packages/rclpy/__init__.py", line 229, in spin
    executor.spin_once()
  File "/opt/ros/humble/local/lib/python3.10/dist-packages/rclpy/executors.py", line 773, in spin_once
    self._spin_once_impl(timeout_sec)
  File "/opt/ros/humble/local/lib/python3.10/dist-packages/rclpy/executors.py", line 762, in _spin_once_impl
    handler, entity, node = self.wait_for_ready_callbacks(timeout_sec=timeout_sec)
  File "/opt/ros/humble/local/lib/python3.10/dist-packages/rclpy/executors.py", line 745, in wait_for_ready_callbacks
    return next(self._cb_iter)
  File "/opt/ros/humble/local/lib/python3.10/dist-packages/rclpy/executors.py", line 646, in _wait_for_ready_callbacks
    raise ExternalShutdownException()
rclpy.executors.ExternalShutdownException
[BACKEND][BOOT] 2025-12-06T03:23:02+09:00 starting backend.api.app
/root/src/backend/api/app.py:2: DeprecationWarning: 
Eventlet is deprecated. It is currently being maintained in bugfix mode, and
we strongly recommend against using it for new projects.

If you are already using Eventlet, we recommend migrating to a different
framework.  For more detail see
https://eventlet.readthedocs.io/en/latest/asyncio/migration.html

  import eventlet
ProcessManager initialized and cleanup registered.
/usr/local/lib/python3.10/dist-packages/torchvision/io/image.py:13: UserWarning: Failed to load image Python extension: '/usr/local/lib/python3.10/dist-packages/torchvision/image.so: undefined symbol: _ZN3c1017RegisterOperatorsD1Ev'If you don't plan on using image functionality from `torchvision.io`, you can ignore this warning. Otherwise, there might be something wrong with your environment. Did you have `libjpeg` or `libpng` installed before building `torchvision` from source?
  warn(
/usr/local/lib/python3.10/dist-packages/torchvision/datapoints/__init__.py:12: UserWarning: The torchvision.datapoints and torchvision.transforms.v2 namespaces are still Beta. While we do not expect major breaking changes, some APIs may still change according to user feedback. Please submit any feedback you may have in this issue: https://github.com/pytorch/vision/issues/6753, and you can also check out https://github.com/pytorch/vision/issues/7319 to learn more about the APIs that we suspect might involve future changes. You can silence this warning by calling torchvision.disable_beta_transforms_warning().
  warnings.warn(_BETA_TRANSFORMS_WARNING)
/usr/local/lib/python3.10/dist-packages/torchvision/transforms/v2/__init__.py:54: UserWarning: The torchvision.datapoints and torchvision.transforms.v2 namespaces are still Beta. While we do not expect major breaking changes, some APIs may still change according to user feedback. Please submit any feedback you may have in this issue: https://github.com/pytorch/vision/issues/6753, and you can also check out https://github.com/pytorch/vision/issues/7319 to learn more about the APIs that we suspect might involve future changes. You can silence this warning by calling torchvision.disable_beta_transforms_warning().
  warnings.warn(_BETA_TRANSFORMS_WARNING)
[API] Config: minimal_api=False no_ros=False debug=False
[API] Registered routes:
  - /static/<path:filename>
  - /api/healthz
  - /api/processes
  - /api/devices
  - /api/topics
  - /api/stop_process
  - /api/sensors
  - /api/sensor:start
  - /api/sensor:stop
  - /api/sensor
  - /api/sensor/<id>
  - /api/sensor/<id>
  - /api/robots
  - /api/robot/<id>
  - /api/robot:start
  - /api/robot:stop
  - /api/robot
  - /api/robot/<id>
  - /api/robot/<id>
  - /api/robot/<id>/:move_to
  - /api/leader_robot:start
  - /api/leader_robot:stop
  - /api/leader_robot
  - /api/leader_robot:tele_start
  - /api/leader_robot:tele_stop
  - /api/tasks
  - /api/tasks/<id>
  - /api/checkpoint
  - /api/task:start_training
  - /api/task:stop_training
  - /api/task:cancel_training
  - /api/task
  - /api/task/<id>
  - /api/task/<id>/device_settings
  - /api/task/<id>
  - /api/datasets
  - /api/datasets/<id>
  - /api/datasets/<id>/:get_one
  - /api/dataset
  - /api/dataset/<id>
  - /api/dataset/<id>
  - /api/dataset/<id>/<file_name>
  - /api/dataset/<id>/<file_name>/:start_read_hdf5
  - /api/dataset/<id>/<file_name>/:stop_read_hdf5
  - /api/dataset/<id>/<file_name>/:read_hdf5_add_config
  - /api/dataset/<id>/:start_collection
  - /api/dataset/<id>/:stop_collection
  - /api/dataset/<id>/augment
  - /api/policies
  - /api/policy
  - /api/policy/<id>
  - /api/policy/<id>
  - /api/checkpoints
  - /api/checkpoints/<folder_name>
  - /api/checkpoint
  - /api/checkpoint/<id>/:check_create_successed
  - /api/checkpoint/<id>/:start_test
  - /api/checkpoint/<id>/:stop_test
  - /api/checkpoint/<id>
  - /api/checkpoint/<id>
  - /api/vla:test_vla
'streaming' Process started. PID: 137 / Command: python3 -m backend.api.streaming
'rosbridge_websocket' Process started. PID: 138 / Command: ros2 launch rosbridge_server rosbridge_websocket_launch.xml port:=9090
Starting Flask-SocketIO server...
Client connected!
Client disconnected
Client connected!
'sensor_2' Process is not running.
'sensor_2_republish' Process is not running.
'sensor_3' Process is not running.
'sensor_3_republish' Process is not running.
'sensor_4' Process is not running.
'sensor_4_republish' Process is not running.
[2025-12-06 03:23:32,393] ERROR in app: Exception on /api/robots [GET]
Traceback (most recent call last):
  File "/usr/local/lib/python3.10/dist-packages/flask/app.py", line 1511, in wsgi_app
    response = self.full_dispatch_request()
  File "/usr/local/lib/python3.10/dist-packages/flask/app.py", line 919, in full_dispatch_request
    rv = self.handle_user_exception(e)
  File "/usr/local/lib/python3.10/dist-packages/flask_cors/extension.py", line 176, in wrapped_function
    return cors_after_request(app.make_response(f(*args, **kwargs)))
  File "/usr/local/lib/python3.10/dist-packages/flask/app.py", line 917, in full_dispatch_request
    rv = self.dispatch_request()
  File "/usr/local/lib/python3.10/dist-packages/flask/app.py", line 902, in dispatch_request
    return self.ensure_sync(self.view_functions[rule.endpoint])(**view_args)  # type: ignore[no-any-return]
  File "/root/src/backend/api/routes/robot.py", line 30, in get_robots
    robots = [robot.to_dict() for robot in robots]
  File "/root/src/backend/api/routes/robot.py", line 30, in <listcomp>
    robots = [robot.to_dict() for robot in robots]
  File "/usr/local/lib/python3.10/dist-packages/orator/utils/__init__.py", line 85, in new_func
    return func(*args, **kwargs)
  File "/usr/local/lib/python3.10/dist-packages/orator/orm/model.py", line 2289, in to_dict
    return self.serialize()
  File "/usr/local/lib/python3.10/dist-packages/orator/orm/model.py", line 2275, in serialize
    attributes = self.attributes_to_dict()
  File "/usr/local/lib/python3.10/dist-packages/orator/orm/model.py", line 2325, in attributes_to_dict
    attributes[key] = self._mutate_attribute_for_dict(key)
  File "/usr/local/lib/python3.10/dist-packages/orator/orm/model.py", line 2486, in _mutate_attribute_for_dict
    value = getattr(self, key)
  File "/usr/local/lib/python3.10/dist-packages/orator/orm/utils.py", line 41, in __get__
    return self.accessor(instance)
  File "/root/src/backend/database/models/robot_model.py", line 174, in joint_upper_bounds
    return self.settings['joint_upper_bounds']
KeyError: 'joint_upper_bounds'
[2025-12-06 03:23:38,603] ERROR in app: Exception on /api/tasks [GET]
Traceback (most recent call last):
  File "/usr/local/lib/python3.10/dist-packages/flask/app.py", line 1511, in wsgi_app
    response = self.full_dispatch_request()
  File "/usr/local/lib/python3.10/dist-packages/flask/app.py", line 919, in full_dispatch_request
    rv = self.handle_user_exception(e)
  File "/usr/local/lib/python3.10/dist-packages/flask_cors/extension.py", line 176, in wrapped_function
    return cors_after_request(app.make_response(f(*args, **kwargs)))
  File "/usr/local/lib/python3.10/dist-packages/flask/app.py", line 917, in full_dispatch_request
    rv = self.dispatch_request()
  File "/usr/local/lib/python3.10/dist-packages/flask/app.py", line 902, in dispatch_request
    return self.ensure_sync(self.view_functions[rule.endpoint])(**view_args)  # type: ignore[no-any-return]
  File "/root/src/backend/api/routes/task.py", line 14, in get_tasks
    tasks = [task.to_dict() for task in tasks]
  File "/root/src/backend/api/routes/task.py", line 14, in <listcomp>
    tasks = [task.to_dict() for task in tasks]
  File "/usr/local/lib/python3.10/dist-packages/orator/utils/__init__.py", line 85, in new_func
    return func(*args, **kwargs)
  File "/usr/local/lib/python3.10/dist-packages/orator/orm/model.py", line 2289, in to_dict
    return self.serialize()
  File "/usr/local/lib/python3.10/dist-packages/orator/orm/model.py", line 2275, in serialize
    attributes = self.attributes_to_dict()
  File "/usr/local/lib/python3.10/dist-packages/orator/orm/model.py", line 2310, in attributes_to_dict
    attributes[key] = self._mutate_attribute_for_dict(key)
  File "/usr/local/lib/python3.10/dist-packages/orator/orm/model.py", line 2486, in _mutate_attribute_for_dict
    value = getattr(self, key)
  File "/usr/local/lib/python3.10/dist-packages/orator/orm/utils.py", line 41, in __get__
    return self.accessor(instance)
  File "/root/src/backend/database/models/task_model.py", line 42, in home_pose
    home_pose[str(id)] = self.settings['robots'][str(id)].get('home_pose', [0.0] * len(robot.joint_names))
  File "/usr/local/lib/python3.10/dist-packages/orator/orm/utils.py", line 41, in __get__
    return self.accessor(instance)
  File "/root/src/backend/database/models/robot_model.py", line 100, in joint_names
    return self.settings['joint_names']
KeyError: 'joint_names'
[2025-12-06 03:23:41,315] ERROR in app: Exception on /api/tasks [GET]
Traceback (most recent call last):
  File "/usr/local/lib/python3.10/dist-packages/flask/app.py", line 1511, in wsgi_app
    response = self.full_dispatch_request()
  File "/usr/local/lib/python3.10/dist-packages/flask/app.py", line 919, in full_dispatch_request
    rv = self.handle_user_exception(e)
  File "/usr/local/lib/python3.10/dist-packages/flask_cors/extension.py", line 176, in wrapped_function
    return cors_after_request(app.make_response(f(*args, **kwargs)))
  File "/usr/local/lib/python3.10/dist-packages/flask/app.py", line 917, in full_dispatch_request
    rv = self.dispatch_request()
  File "/usr/local/lib/python3.10/dist-packages/flask/app.py", line 902, in dispatch_request
    return self.ensure_sync(self.view_functions[rule.endpoint])(**view_args)  # type: ignore[no-any-return]
  File "/root/src/backend/api/routes/task.py", line 14, in get_tasks
    tasks = [task.to_dict() for task in tasks]
  File "/root/src/backend/api/routes/task.py", line 14, in <listcomp>
    tasks = [task.to_dict() for task in tasks]
  File "/usr/local/lib/python3.10/dist-packages/orator/utils/__init__.py", line 85, in new_func
    return func(*args, **kwargs)
  File "/usr/local/lib/python3.10/dist-packages/orator/orm/model.py", line 2289, in to_dict
    return self.serialize()
  File "/usr/local/lib/python3.10/dist-packages/orator/orm/model.py", line 2275, in serialize
    attributes = self.attributes_to_dict()
  File "/usr/local/lib/python3.10/dist-packages/orator/orm/model.py", line 2310, in attributes_to_dict
    attributes[key] = self._mutate_attribute_for_dict(key)
  File "/usr/local/lib/python3.10/dist-packages/orator/orm/model.py", line 2486, in _mutate_attribute_for_dict
    value = getattr(self, key)
  File "/usr/local/lib/python3.10/dist-packages/orator/orm/utils.py", line 41, in __get__
    return self.accessor(instance)
  File "/root/src/backend/database/models/task_model.py", line 42, in home_pose
    home_pose[str(id)] = self.settings['robots'][str(id)].get('home_pose', [0.0] * len(robot.joint_names))
  File "/usr/local/lib/python3.10/dist-packages/orator/orm/utils.py", line 41, in __get__
    return self.accessor(instance)
  File "/root/src/backend/database/models/robot_model.py", line 100, in joint_names
    return self.settings['joint_names']
KeyError: 'joint_names'
[2025-12-06 03:23:41,319] ERROR in app: Exception on /api/robots [GET]
Traceback (most recent call last):
  File "/usr/local/lib/python3.10/dist-packages/flask/app.py", line 1511, in wsgi_app
    response = self.full_dispatch_request()
  File "/usr/local/lib/python3.10/dist-packages/flask/app.py", line 919, in full_dispatch_request
    rv = self.handle_user_exception(e)
  File "/usr/local/lib/python3.10/dist-packages/flask_cors/extension.py", line 176, in wrapped_function
    return cors_after_request(app.make_response(f(*args, **kwargs)))
  File "/usr/local/lib/python3.10/dist-packages/flask/app.py", line 917, in full_dispatch_request
    rv = self.dispatch_request()
  File "/usr/local/lib/python3.10/dist-packages/flask/app.py", line 902, in dispatch_request
    return self.ensure_sync(self.view_functions[rule.endpoint])(**view_args)  # type: ignore[no-any-return]
  File "/root/src/backend/api/routes/robot.py", line 30, in get_robots
    robots = [robot.to_dict() for robot in robots]
  File "/root/src/backend/api/routes/robot.py", line 30, in <listcomp>
    robots = [robot.to_dict() for robot in robots]
  File "/usr/local/lib/python3.10/dist-packages/orator/utils/__init__.py", line 85, in new_func
    return func(*args, **kwargs)
  File "/usr/local/lib/python3.10/dist-packages/orator/orm/model.py", line 2289, in to_dict
    return self.serialize()
  File "/usr/local/lib/python3.10/dist-packages/orator/orm/model.py", line 2275, in serialize
    attributes = self.attributes_to_dict()
  File "/usr/local/lib/python3.10/dist-packages/orator/orm/model.py", line 2325, in attributes_to_dict
    attributes[key] = self._mutate_attribute_for_dict(key)
  File "/usr/local/lib/python3.10/dist-packages/orator/orm/model.py", line 2486, in _mutate_attribute_for_dict
    value = getattr(self, key)
  File "/usr/local/lib/python3.10/dist-packages/orator/orm/utils.py", line 41, in __get__
    return self.accessor(instance)
  File "/root/src/backend/database/models/robot_model.py", line 174, in joint_upper_bounds
    return self.settings['joint_upper_bounds']
KeyError: 'joint_upper_bounds'
'sensor_2' Process is not running.
'sensor_2_republish' Process is not running.
'sensor_3' Process is not running.
'sensor_3_republish' Process is not running.
'sensor_4' Process is not running.
'sensor_4_republish' Process is not running.
Exception in thread Thread-1 (spin):
Traceback (most recent call last):
  File "/usr/lib/python3.10/threading.py", line 1016, in _bootstrap_inner
    self.run()
  File "/usr/lib/python3.10/threading.py", line 953, in run
    self._target(*self._args, **self._kwargs)
  File "/opt/ros/humble/local/lib/python3.10/dist-packages/rclpy/__init__.py", line 229, in spin
    executor.spin_once()
  File "/opt/ros/humble/local/lib/python3.10/dist-packages/rclpy/executors.py", line 773, in spin_once
    self._spin_once_impl(timeout_sec)
  File "/opt/ros/humble/local/lib/python3.10/dist-packages/rclpy/executors.py", line 762, in _spin_once_impl
    handler, entity, node = self.wait_for_ready_callbacks(timeout_sec=timeout_sec)
  File "/opt/ros/humble/local/lib/python3.10/dist-packages/rclpy/executors.py", line 745, in wait_for_ready_callbacks
    return next(self._cb_iter)
  File "/opt/ros/humble/local/lib/python3.10/dist-packages/rclpy/executors.py", line 646, in _wait_for_ready_callbacks
    raise ExternalShutdownException()
rclpy.executors.ExternalShutdownException
[BACKEND][BOOT] 2025-12-06T03:24:53+09:00 starting backend.api.app
/root/src/backend/api/app.py:2: DeprecationWarning: 
Eventlet is deprecated. It is currently being maintained in bugfix mode, and
we strongly recommend against using it for new projects.

If you are already using Eventlet, we recommend migrating to a different
framework.  For more detail see
https://eventlet.readthedocs.io/en/latest/asyncio/migration.html

  import eventlet
ProcessManager initialized and cleanup registered.
/usr/local/lib/python3.10/dist-packages/torchvision/io/image.py:13: UserWarning: Failed to load image Python extension: '/usr/local/lib/python3.10/dist-packages/torchvision/image.so: undefined symbol: _ZN3c1017RegisterOperatorsD1Ev'If you don't plan on using image functionality from `torchvision.io`, you can ignore this warning. Otherwise, there might be something wrong with your environment. Did you have `libjpeg` or `libpng` installed before building `torchvision` from source?
  warn(
/usr/local/lib/python3.10/dist-packages/torchvision/datapoints/__init__.py:12: UserWarning: The torchvision.datapoints and torchvision.transforms.v2 namespaces are still Beta. While we do not expect major breaking changes, some APIs may still change according to user feedback. Please submit any feedback you may have in this issue: https://github.com/pytorch/vision/issues/6753, and you can also check out https://github.com/pytorch/vision/issues/7319 to learn more about the APIs that we suspect might involve future changes. You can silence this warning by calling torchvision.disable_beta_transforms_warning().
  warnings.warn(_BETA_TRANSFORMS_WARNING)
/usr/local/lib/python3.10/dist-packages/torchvision/transforms/v2/__init__.py:54: UserWarning: The torchvision.datapoints and torchvision.transforms.v2 namespaces are still Beta. While we do not expect major breaking changes, some APIs may still change according to user feedback. Please submit any feedback you may have in this issue: https://github.com/pytorch/vision/issues/6753, and you can also check out https://github.com/pytorch/vision/issues/7319 to learn more about the APIs that we suspect might involve future changes. You can silence this warning by calling torchvision.disable_beta_transforms_warning().
  warnings.warn(_BETA_TRANSFORMS_WARNING)
[API] Config: minimal_api=False no_ros=False debug=False
[API] Registered routes:
  - /static/<path:filename>
  - /api/healthz
  - /api/processes
  - /api/devices
  - /api/topics
  - /api/stop_process
  - /api/sensors
  - /api/sensor:start
  - /api/sensor:stop
  - /api/sensor
  - /api/sensor/<id>
  - /api/sensor/<id>
  - /api/robots
  - /api/robot/<id>
  - /api/robot:start
  - /api/robot:stop
  - /api/robot
  - /api/robot/<id>
  - /api/robot/<id>
  - /api/robot/<id>/:move_to
  - /api/leader_robot:start
  - /api/leader_robot:stop
  - /api/leader_robot
  - /api/leader_robot:tele_start
  - /api/leader_robot:tele_stop
  - /api/tasks
  - /api/tasks/<id>
  - /api/checkpoint
  - /api/task:start_training
  - /api/task:stop_training
  - /api/task:cancel_training
  - /api/task
  - /api/task/<id>
  - /api/task/<id>/device_settings
  - /api/task/<id>
  - /api/datasets
  - /api/datasets/<id>
  - /api/datasets/<id>/:get_one
  - /api/dataset
  - /api/dataset/<id>
  - /api/dataset/<id>
  - /api/dataset/<id>/<file_name>
  - /api/dataset/<id>/<file_name>/:start_read_hdf5
  - /api/dataset/<id>/<file_name>/:stop_read_hdf5
  - /api/dataset/<id>/<file_name>/:read_hdf5_add_config
  - /api/dataset/<id>/:start_collection
  - /api/dataset/<id>/:stop_collection
  - /api/dataset/<id>/augment
  - /api/policies
  - /api/policy
  - /api/policy/<id>
  - /api/policy/<id>
  - /api/checkpoints
  - /api/checkpoints/<folder_name>
  - /api/checkpoint
  - /api/checkpoint/<id>/:check_create_successed
  - /api/checkpoint/<id>/:start_test
  - /api/checkpoint/<id>/:stop_test
  - /api/checkpoint/<id>
  - /api/checkpoint/<id>
  - /api/vla:test_vla
'streaming' Process started. PID: 136 / Command: python3 -m backend.api.streaming
'rosbridge_websocket' Process started. PID: 137 / Command: ros2 launch rosbridge_server rosbridge_websocket_launch.xml port:=9090
Starting Flask-SocketIO server...
Client connected!
'sensor_2' Process is not running.
'sensor_2_republish' Process is not running.
'sensor_3' Process is not running.
'sensor_3_republish' Process is not running.
'sensor_4' Process is not running.
'sensor_4_republish' Process is not running.
{'2': [0.0025000000000000005, 0.012500000000000002, 0.02750000000000001, 0.005000000000000001, 0.0025000000000000005, 0]} 1
'sensor_2' Process is not running.
'sensor_2_republish' Process is not running.
'sensor_3' Process is not running.
'sensor_3_republish' Process is not running.
'sensor_4' Process is not running.
'sensor_4_republish' Process is not running.
{'2': [0.0025000000000000005, 0.012500000000000002, 0.02750000000000001, 0.005000000000000001, 0.0025000000000000005, 0]} 1
ImmutableMultiDict([])
{'2': [0.0025000000000000005, 0.012500000000000002, 0.02750000000000001, 0.005000000000000001, 0.0025000000000000005, 0]} 1
{'2': [0.0025000000000000005, 0.012500000000000002, 0.02750000000000001, 0.005000000000000001, 0.0025000000000000005, 0]} 1
ImmutableMultiDict([('task_id', '1')])
{'2': [0.0025000000000000005, 0.012500000000000002, 0.02750000000000001, 0.005000000000000001, 0.0025000000000000005, 0]} 1
'sensor_2' Process is not running.
'sensor_2_republish' Process is not running.
'sensor_3' Process is not running.
'sensor_3_republish' Process is not running.
'sensor_4' Process is not running.
'sensor_4_republish' Process is not running.
Attempting to start sensor None
'sensor_2' Process started. PID: 196 / Command: ros2 run usb_cam usb_cam_node_exe --ros-args -r __ns:=/ec_sensor_2 -p video_device:=/dev/video0 -p image_width:=640 -p image_height:=480 -p framerate:=30.0 -p pixel_format:=mjpeg2rgb
'sensor_2_republish' Process started. PID: 197 / Command: ros2 run image_transport republish raw compressed --ros-args -r in:=/ec_sensor_2/image_raw -r out:=/ec_sensor_2/image_raw
Client disconnected
Client connected!
{'2': [0.0025000000000000005, 0.012500000000000002, 0.02750000000000001, 0.005000000000000001, 0.0025000000000000005, 0]} 1
'sensor_3' Process is not running.
'sensor_3_republish' Process is not running.
'sensor_4' Process is not running.
'sensor_4_republish' Process is not running.
Client disconnected
Client connected!
{'2': [0.0025000000000000005, 0.012500000000000002, 0.02750000000000001, 0.005000000000000001, 0.0025000000000000005, 0]} 1
'sensor_3' Process is not running.
'sensor_3_republish' Process is not running.
'sensor_4' Process is not running.
'sensor_4_republish' Process is not running.
Client disconnected
Client connected!
'sensor_3' Process is not running.
'sensor_3_republish' Process is not running.
'sensor_4' Process is not running.
'sensor_4_republish' Process is not running.
'sensor_2' Terminating process(PID: 196)
Process 'sensor_2' (PID: 196) has finished with return code -15.
'sensor_2' Process terminated.
'sensor_2_republish' Terminating process(PID: 197)
Process 'sensor_2_republish' (PID: 197) has finished with return code -15.
'sensor_2_republish' Process terminated.
[BACKEND][BOOT] 2025-12-06T03:35:44+09:00 starting backend.api.app
/root/src/backend/api/app.py:2: DeprecationWarning: 
Eventlet is deprecated. It is currently being maintained in bugfix mode, and
we strongly recommend against using it for new projects.

If you are already using Eventlet, we recommend migrating to a different
framework.  For more detail see
https://eventlet.readthedocs.io/en/latest/asyncio/migration.html

  import eventlet
ProcessManager initialized and cleanup registered.
/usr/local/lib/python3.10/dist-packages/torchvision/io/image.py:13: UserWarning: Failed to load image Python extension: '/usr/local/lib/python3.10/dist-packages/torchvision/image.so: undefined symbol: _ZN3c1017RegisterOperatorsD1Ev'If you don't plan on using image functionality from `torchvision.io`, you can ignore this warning. Otherwise, there might be something wrong with your environment. Did you have `libjpeg` or `libpng` installed before building `torchvision` from source?
  warn(
/usr/local/lib/python3.10/dist-packages/torchvision/datapoints/__init__.py:12: UserWarning: The torchvision.datapoints and torchvision.transforms.v2 namespaces are still Beta. While we do not expect major breaking changes, some APIs may still change according to user feedback. Please submit any feedback you may have in this issue: https://github.com/pytorch/vision/issues/6753, and you can also check out https://github.com/pytorch/vision/issues/7319 to learn more about the APIs that we suspect might involve future changes. You can silence this warning by calling torchvision.disable_beta_transforms_warning().
  warnings.warn(_BETA_TRANSFORMS_WARNING)
/usr/local/lib/python3.10/dist-packages/torchvision/transforms/v2/__init__.py:54: UserWarning: The torchvision.datapoints and torchvision.transforms.v2 namespaces are still Beta. While we do not expect major breaking changes, some APIs may still change according to user feedback. Please submit any feedback you may have in this issue: https://github.com/pytorch/vision/issues/6753, and you can also check out https://github.com/pytorch/vision/issues/7319 to learn more about the APIs that we suspect might involve future changes. You can silence this warning by calling torchvision.disable_beta_transforms_warning().
  warnings.warn(_BETA_TRANSFORMS_WARNING)
[API] Config: minimal_api=False no_ros=False debug=False
[API] Registered routes:
  - /static/<path:filename>
  - /api/healthz
  - /api/processes
  - /api/devices
  - /api/topics
  - /api/stop_process
  - /api/sensors
  - /api/sensor:start
  - /api/sensor:stop
  - /api/sensor
  - /api/sensor/<id>
  - /api/sensor/<id>
  - /api/robots
  - /api/robot/<id>
  - /api/robot:start
  - /api/robot:stop
  - /api/robot
  - /api/robot/<id>
  - /api/robot/<id>
  - /api/robot/<id>/:move_to
  - /api/leader_robot:start
  - /api/leader_robot:stop
  - /api/leader_robot
  - /api/leader_robot:tele_start
  - /api/leader_robot:tele_stop
  - /api/tasks
  - /api/tasks/<id>
  - /api/checkpoint
  - /api/task:start_training
  - /api/task:stop_training
  - /api/task:cancel_training
  - /api/task
  - /api/task/<id>
  - /api/task/<id>/device_settings
  - /api/task/<id>
  - /api/datasets
  - /api/datasets/<id>
  - /api/datasets/<id>/:get_one
  - /api/dataset
  - /api/dataset/<id>
  - /api/dataset/<id>
  - /api/dataset/<id>/<file_name>
  - /api/dataset/<id>/<file_name>/:start_read_hdf5
  - /api/dataset/<id>/<file_name>/:stop_read_hdf5
  - /api/dataset/<id>/<file_name>/:read_hdf5_add_config
  - /api/dataset/<id>/:start_collection
  - /api/dataset/<id>/:stop_collection
  - /api/dataset/<id>/augment
  - /api/policies
  - /api/policy
  - /api/policy/<id>
  - /api/policy/<id>
  - /api/checkpoints
  - /api/checkpoints/<folder_name>
  - /api/checkpoint
  - /api/checkpoint/<id>/:check_create_successed
  - /api/checkpoint/<id>/:start_test
  - /api/checkpoint/<id>/:stop_test
  - /api/checkpoint/<id>
  - /api/checkpoint/<id>
  - /api/vla:test_vla
'streaming' Process started. PID: 138 / Command: python3 -m backend.api.streaming
'rosbridge_websocket' Process started. PID: 139 / Command: ros2 launch rosbridge_server rosbridge_websocket_launch.xml port:=9090
Starting Flask-SocketIO server...
Client connected!
Exception in thread Thread-1 (spin):
Traceback (most recent call last):
  File "/usr/lib/python3.10/threading.py", line 1016, in _bootstrap_inner
    self.run()
  File "/usr/lib/python3.10/threading.py", line 953, in run
    self._target(*self._args, **self._kwargs)
  File "/opt/ros/humble/local/lib/python3.10/dist-packages/rclpy/__init__.py", line 229, in spin
    executor.spin_once()
  File "/opt/ros/humble/local/lib/python3.10/dist-packages/rclpy/executors.py", line 773, in spin_once
    self._spin_once_impl(timeout_sec)
  File "/opt/ros/humble/local/lib/python3.10/dist-packages/rclpy/executors.py", line 762, in _spin_once_impl
    handler, entity, node = self.wait_for_ready_callbacks(timeout_sec=timeout_sec)
  File "/opt/ros/humble/local/lib/python3.10/dist-packages/rclpy/executors.py", line 745, in wait_for_ready_callbacks
    return next(self._cb_iter)
  File "/opt/ros/humble/local/lib/python3.10/dist-packages/rclpy/executors.py", line 646, in _wait_for_ready_callbacks
    raise ExternalShutdownException()
rclpy.executors.ExternalShutdownException
[BACKEND][BOOT] 2025-12-06T03:36:46+09:00 starting backend.api.app
/root/src/backend/api/app.py:2: DeprecationWarning: 
Eventlet is deprecated. It is currently being maintained in bugfix mode, and
we strongly recommend against using it for new projects.

If you are already using Eventlet, we recommend migrating to a different
framework.  For more detail see
https://eventlet.readthedocs.io/en/latest/asyncio/migration.html

  import eventlet
ProcessManager initialized and cleanup registered.
/usr/local/lib/python3.10/dist-packages/torchvision/io/image.py:13: UserWarning: Failed to load image Python extension: '/usr/local/lib/python3.10/dist-packages/torchvision/image.so: undefined symbol: _ZN3c1017RegisterOperatorsD1Ev'If you don't plan on using image functionality from `torchvision.io`, you can ignore this warning. Otherwise, there might be something wrong with your environment. Did you have `libjpeg` or `libpng` installed before building `torchvision` from source?
  warn(
/usr/local/lib/python3.10/dist-packages/torchvision/datapoints/__init__.py:12: UserWarning: The torchvision.datapoints and torchvision.transforms.v2 namespaces are still Beta. While we do not expect major breaking changes, some APIs may still change according to user feedback. Please submit any feedback you may have in this issue: https://github.com/pytorch/vision/issues/6753, and you can also check out https://github.com/pytorch/vision/issues/7319 to learn more about the APIs that we suspect might involve future changes. You can silence this warning by calling torchvision.disable_beta_transforms_warning().
  warnings.warn(_BETA_TRANSFORMS_WARNING)
/usr/local/lib/python3.10/dist-packages/torchvision/transforms/v2/__init__.py:54: UserWarning: The torchvision.datapoints and torchvision.transforms.v2 namespaces are still Beta. While we do not expect major breaking changes, some APIs may still change according to user feedback. Please submit any feedback you may have in this issue: https://github.com/pytorch/vision/issues/6753, and you can also check out https://github.com/pytorch/vision/issues/7319 to learn more about the APIs that we suspect might involve future changes. You can silence this warning by calling torchvision.disable_beta_transforms_warning().
  warnings.warn(_BETA_TRANSFORMS_WARNING)
[API] Config: minimal_api=False no_ros=False debug=False
[API] Registered routes:
  - /static/<path:filename>
  - /api/healthz
  - /api/processes
  - /api/devices
  - /api/topics
  - /api/stop_process
  - /api/sensors
  - /api/sensor:start
  - /api/sensor:stop
  - /api/sensor
  - /api/sensor/<id>
  - /api/sensor/<id>
  - /api/robots
  - /api/robot/<id>
  - /api/robot:start
  - /api/robot:stop
  - /api/robot
  - /api/robot/<id>
  - /api/robot/<id>
  - /api/robot/<id>/:move_to
  - /api/leader_robot:start
  - /api/leader_robot:stop
  - /api/leader_robot
  - /api/leader_robot:tele_start
  - /api/leader_robot:tele_stop
  - /api/tasks
  - /api/tasks/<id>
  - /api/checkpoint
  - /api/task:start_training
  - /api/task:stop_training
  - /api/task:cancel_training
  - /api/task
  - /api/task/<id>
  - /api/task/<id>/device_settings
  - /api/task/<id>
  - /api/datasets
  - /api/datasets/<id>
  - /api/datasets/<id>/:get_one
  - /api/dataset
  - /api/dataset/<id>
  - /api/dataset/<id>
  - /api/dataset/<id>/<file_name>
  - /api/dataset/<id>/<file_name>/:start_read_hdf5
  - /api/dataset/<id>/<file_name>/:stop_read_hdf5
  - /api/dataset/<id>/<file_name>/:read_hdf5_add_config
  - /api/dataset/<id>/:start_collection
  - /api/dataset/<id>/:stop_collection
  - /api/dataset/<id>/augment
  - /api/policies
  - /api/policy
  - /api/policy/<id>
  - /api/policy/<id>
  - /api/checkpoints
  - /api/checkpoints/<folder_name>
  - /api/checkpoint
  - /api/checkpoint/<id>/:check_create_successed
  - /api/checkpoint/<id>/:start_test
  - /api/checkpoint/<id>/:stop_test
  - /api/checkpoint/<id>
  - /api/checkpoint/<id>
  - /api/vla:test_vla
'streaming' Process started. PID: 137 / Command: python3 -m backend.api.streaming
'rosbridge_websocket' Process started. PID: 138 / Command: ros2 launch rosbridge_server rosbridge_websocket_launch.xml port:=9090
Starting Flask-SocketIO server...
Client connected!
[BACKEND][BOOT] 2025-12-06T03:37:08+09:00 starting backend.api.app
/root/src/backend/api/app.py:2: DeprecationWarning: 
Eventlet is deprecated. It is currently being maintained in bugfix mode, and
we strongly recommend against using it for new projects.

If you are already using Eventlet, we recommend migrating to a different
framework.  For more detail see
https://eventlet.readthedocs.io/en/latest/asyncio/migration.html

  import eventlet
ProcessManager initialized and cleanup registered.
/usr/local/lib/python3.10/dist-packages/torchvision/io/image.py:13: UserWarning: Failed to load image Python extension: '/usr/local/lib/python3.10/dist-packages/torchvision/image.so: undefined symbol: _ZN3c1017RegisterOperatorsD1Ev'If you don't plan on using image functionality from `torchvision.io`, you can ignore this warning. Otherwise, there might be something wrong with your environment. Did you have `libjpeg` or `libpng` installed before building `torchvision` from source?
  warn(
/usr/local/lib/python3.10/dist-packages/torchvision/datapoints/__init__.py:12: UserWarning: The torchvision.datapoints and torchvision.transforms.v2 namespaces are still Beta. While we do not expect major breaking changes, some APIs may still change according to user feedback. Please submit any feedback you may have in this issue: https://github.com/pytorch/vision/issues/6753, and you can also check out https://github.com/pytorch/vision/issues/7319 to learn more about the APIs that we suspect might involve future changes. You can silence this warning by calling torchvision.disable_beta_transforms_warning().
  warnings.warn(_BETA_TRANSFORMS_WARNING)
/usr/local/lib/python3.10/dist-packages/torchvision/transforms/v2/__init__.py:54: UserWarning: The torchvision.datapoints and torchvision.transforms.v2 namespaces are still Beta. While we do not expect major breaking changes, some APIs may still change according to user feedback. Please submit any feedback you may have in this issue: https://github.com/pytorch/vision/issues/6753, and you can also check out https://github.com/pytorch/vision/issues/7319 to learn more about the APIs that we suspect might involve future changes. You can silence this warning by calling torchvision.disable_beta_transforms_warning().
  warnings.warn(_BETA_TRANSFORMS_WARNING)
[API] Config: minimal_api=False no_ros=False debug=False
[API] Registered routes:
  - /static/<path:filename>
  - /api/healthz
  - /api/processes
  - /api/devices
  - /api/topics
  - /api/stop_process
  - /api/sensors
  - /api/sensor:start
  - /api/sensor:stop
  - /api/sensor
  - /api/sensor/<id>
  - /api/sensor/<id>
  - /api/robots
  - /api/robot/<id>
  - /api/robot:start
  - /api/robot:stop
  - /api/robot
  - /api/robot/<id>
  - /api/robot/<id>
  - /api/robot/<id>/:move_to
  - /api/leader_robot:start
  - /api/leader_robot:stop
  - /api/leader_robot
  - /api/leader_robot:tele_start
  - /api/leader_robot:tele_stop
  - /api/tasks
  - /api/tasks/<id>
  - /api/checkpoint
  - /api/task:start_training
  - /api/task:stop_training
  - /api/task:cancel_training
  - /api/task
  - /api/task/<id>
  - /api/task/<id>/device_settings
  - /api/task/<id>
  - /api/datasets
  - /api/datasets/<id>
  - /api/datasets/<id>/:get_one
  - /api/dataset
  - /api/dataset/<id>
  - /api/dataset/<id>
  - /api/dataset/<id>/<file_name>
  - /api/dataset/<id>/<file_name>/:start_read_hdf5
  - /api/dataset/<id>/<file_name>/:stop_read_hdf5
  - /api/dataset/<id>/<file_name>/:read_hdf5_add_config
  - /api/dataset/<id>/:start_collection
  - /api/dataset/<id>/:stop_collection
  - /api/dataset/<id>/augment
  - /api/policies
  - /api/policy
  - /api/policy/<id>
  - /api/policy/<id>
  - /api/checkpoints
  - /api/checkpoints/<folder_name>
  - /api/checkpoint
  - /api/checkpoint/<id>/:check_create_successed
  - /api/checkpoint/<id>/:start_test
  - /api/checkpoint/<id>/:stop_test
  - /api/checkpoint/<id>
  - /api/checkpoint/<id>
  - /api/vla:test_vla
'streaming' Process started. PID: 136 / Command: python3 -m backend.api.streaming
'rosbridge_websocket' Process started. PID: 137 / Command: ros2 launch rosbridge_server rosbridge_websocket_launch.xml port:=9090
Starting Flask-SocketIO server...
Client connected!
Client disconnected
Client connected!
Client disconnected
Client connected!
Client disconnected
Client connected!
Client disconnected
Client connected!
'sensor_2' Process is not running.
'sensor_2_republish' Process is not running.
'sensor_3' Process is not running.
'sensor_3_republish' Process is not running.
'sensor_4' Process is not running.
'sensor_4_republish' Process is not running.
Exception in thread Thread-1 (spin):
Traceback (most recent call last):
  File "/usr/lib/python3.10/threading.py", line 1016, in _bootstrap_inner
    self.run()
  File "/usr/lib/python3.10/threading.py", line 953, in run
    self._target(*self._args, **self._kwargs)
  File "/opt/ros/humble/local/lib/python3.10/dist-packages/rclpy/__init__.py", line 229, in spin
    executor.spin_once()
  File "/opt/ros/humble/local/lib/python3.10/dist-packages/rclpy/executors.py", line 773, in spin_once
    self._spin_once_impl(timeout_sec)
  File "/opt/ros/humble/local/lib/python3.10/dist-packages/rclpy/executors.py", line 762, in _spin_once_impl
    handler, entity, node = self.wait_for_ready_callbacks(timeout_sec=timeout_sec)
  File "/opt/ros/humble/local/lib/python3.10/dist-packages/rclpy/executors.py", line 745, in wait_for_ready_callbacks
    return next(self._cb_iter)
  File "/opt/ros/humble/local/lib/python3.10/dist-packages/rclpy/executors.py", line 646, in _wait_for_ready_callbacks
    raise ExternalShutdownException()
rclpy.executors.ExternalShutdownException
